<?xml version="1.0" encoding="UTF-8"?>
<testsuite xmlns:xsi="http://www.w3.org/2001/XMLSchema-instance" xsi:noNamespaceSchemaLocation="https://maven.apache.org/surefire/maven-surefire-plugin/xsd/surefire-test-report-3.0.xsd" version="3.0" name="vn.edu.eaut.lab10.repository.DbEncodingTest" time="10.608" tests="1" errors="0" skipped="0" failures="0">
  <properties>
[...]
</properties>
  <testcase name="testVietnameseFromDatabase" classname="vn.edu.eaut.lab10.repository.DbEncodingTest" time="10.605">
    <system-out><![CDATA[Hibernate: 
    select
        u1_0.id,
        u1_0.active,
        u1_0.email,
        u1_0.full_name,
        u1_0.password,
        u1_0.role 
    from
        users u1_0 
    order by
        u1_0.id
===== USERS FROM DB =====
id=1 email=admin@test.com fullName=Quản trị viên [bytes=51 75 E1 BA A3 6E 20 74 72 E1 BB 8B 20 76 69 C3 AA 6E]
id=2 email=staff@test.com fullName=Nhân viên [bytes=4E 68 C3 A2 6E 20 76 69 C3 AA 6E]
id=3 email=user@test.com fullName=Người dùng [bytes=4E 67 C6 B0 E1 BB 9D 69 20 64 C3 B9 6E 67]
id=4 email=inactive@test.com fullName=Tài khoản bị khóa [bytes=54 C3 A0 69 20 6B 68 6F E1 BA A3 6E 20 62 E1 BB 8B 20 6B 68 C3 B3 61]
=========================
]]></system-out>
    <system-err><![CDATA[Aug 25, 2026 5:43:43 PM org.hibernate.jpa.internal.util.LogHelper logPersistenceUnitInformation
INFO: HHH000204: Processing PersistenceUnitInfo [name: lab10PU]
Aug 25, 2026 5:43:44 PM org.hibernate.Version logVersion
INFO: HHH000412: Hibernate ORM core version 6.4.4.Final
Aug 25, 2026 5:43:44 PM org.hibernate.cache.internal.RegionFactoryInitiator initiateService
INFO: HHH000026: Second-level cache disabled
Aug 25, 2026 5:43:52 PM org.hibernate.engine.jdbc.connections.internal.DriverManagerConnectionProviderImpl configure
WARN: HHH10001002: Using built-in connection pool (not intended for production use)
Aug 25, 2026 5:43:52 PM org.hibernate.engine.jdbc.connections.internal.DriverManagerConnectionProviderImpl buildCreator
INFO: HHH10001005: Loaded JDBC driver class: com.mysql.cj.jdbc.Driver
Aug 25, 2026 5:43:52 PM org.hibernate.engine.jdbc.connections.internal.DriverManagerConnectionProviderImpl buildCreator
INFO: HHH10001012: Connecting with JDBC URL [jdbc:mysql://localhost:3306/lab10_db?useUnicode=true&characterEncoding=UTF-8&connectionCollation=utf8mb4_unicode_ci&allowPublicKeyRetrieval=true&useSSL=false]
Aug 25, 2026 5:43:52 PM org.hibernate.engine.jdbc.connections.internal.DriverManagerConnectionProviderImpl buildCreator
INFO: HHH10001001: Connection properties: {charset=UTF-8, password=****, useUnicode=true, characterEncoding=UTF-8, user=root}
Aug 25, 2026 5:43:52 PM org.hibernate.engine.jdbc.connections.internal.DriverManagerConnectionProviderImpl buildCreator
INFO: HHH10001003: Autocommit mode: false
Aug 25, 2026 5:43:52 PM org.hibernate.engine.jdbc.connections.internal.DriverManagerConnectionProviderImpl$PooledConnections <init>
INFO: HHH10001115: Connection pool size: 20 (min=1)
Aug 25, 2026 5:43:53 PM org.hibernate.engine.transaction.jta.platform.internal.JtaPlatformInitiator initiateService
INFO: HHH000489: No JTA platform available (set 'hibernate.transaction.jta.platform' to enable JTA platform integration)
Aug 25, 2026 5:43:53 PM org.hibernate.resource.transaction.backend.jdbc.internal.DdlTransactionIsolatorNonJtaImpl getIsolatedConnection
INFO: HHH10001501: Connection obtained from JdbcConnectionAccess [org.hibernate.engine.jdbc.env.internal.JdbcEnvironmentInitiator$ConnectionProviderJdbcConnectionAccess@21e5f0b6] for (non-JTA) DDL execution was not in auto-commit mode; the Connection 'local transaction' will be committed and the Connection will be set into auto-commit mode.
Aug 25, 2026 5:43:54 PM org.hibernate.engine.jdbc.connections.internal.DriverManagerConnectionProviderImpl$PoolState stop
INFO: HHH10001008: Cleaning up connection pool [jdbc:mysql://localhost:3306/lab10_db?useUnicode=true&characterEncoding=UTF-8&connectionCollation=utf8mb4_unicode_ci&allowPublicKeyRetrieval=true&useSSL=false]
]]></system-err>
  </testcase>
</testsuite>