<?xml version="1.0" encoding="UTF-8"?>
<testsuite xmlns:xsi="http://www.w3.org/2001/XMLSchema-instance" xsi:noNamespaceSchemaLocation="https://maven.apache.org/surefire/maven-surefire-plugin/xsd/surefire-test-report-3.0.xsd" version="3.0" name="vn.edu.eaut.lab10.model.RoleTest" time="0.061" tests="3" errors="0" skipped="0" failures="0">
  <properties>
[...]
</properties>
  <testcase name="testRequiredRolesExist" classname="vn.edu.eaut.lab10.model.RoleTest" time="0.026"/>
  <testcase name="testIsDefined" classname="vn.edu.eaut.lab10.model.RoleTest" time="0.003"/>
  <testcase name="testValueOfMatchesRequirementNames" classname="vn.edu.eaut.lab10.model.RoleTest" time="0.003"/>
</testsuite>